[debug] [2025-08-07T06:29:39.168Z] ----------------------------------------------------------------------
[debug] [2025-08-07T06:29:39.170Z] Command:       C:\Program Files\nodejs\node.exe C:\Users\WINDOWS\AppData\Roaming\npm\node_modules\firebase-tools\lib\bin\firebase.js init hosting
[debug] [2025-08-07T06:29:39.171Z] CLI Version:   14.12.0
[debug] [2025-08-07T06:29:39.171Z] Platform:      win32
[debug] [2025-08-07T06:29:39.171Z] Node Version:  v20.19.0
[debug] [2025-08-07T06:29:39.171Z] Time:          Thu Aug 07 2025 09:29:39 GMT+0300 (Arabian Standard Time)
[debug] [2025-08-07T06:29:39.171Z] ----------------------------------------------------------------------
[debug] 
[debug] [2025-08-07T06:29:39.173Z] >>> [apiv2][query] GET https://firebase-public.firebaseio.com/cli.json [none]
[debug] [2025-08-07T06:29:39.378Z] > command requires scopes: ["email","openid","https://www.googleapis.com/auth/cloudplatformprojects.readonly","https://www.googleapis.com/auth/firebase","https://www.googleapis.com/auth/cloud-platform"]
[debug] [2025-08-07T06:29:39.378Z] > authorizing via signed-in user (sijovarghese808@gmail.com)
[info] 
     ######## #### ########  ######## ########     ###     ######  ########
     ##        ##  ##     ## ##       ##     ##  ##   ##  ##       ##
     ######    ##  ########  ######   ########  #########  ######  ######
     ##        ##  ##    ##  ##       ##     ## ##     ##       ## ##
     ##       #### ##     ## ######## ########  ##     ##  ######  ########

You're about to initialize a Firebase project in this directory:

  D:\Travvise projects\travvise-assets

Before we get started, keep in mind:

  * You are initializing within an existing Firebase project directory

[debug] [2025-08-07T06:29:39.805Z] <<< [apiv2][status] GET https://firebase-public.firebaseio.com/cli.json 200
[debug] [2025-08-07T06:29:39.806Z] <<< [apiv2][body] GET https://firebase-public.firebaseio.com/cli.json {"cloudBuildErrorAfter":1594252800000,"cloudBuildWarnAfter":1590019200000,"defaultNode10After":1594252800000,"minVersion":"3.0.5","node8DeploysDisabledAfter":1613390400000,"node8RuntimeDisabledAfter":1615809600000,"node8WarnAfter":1600128000000}
[info] 
=== Project Setup
[info] 
[info] First, let's associate this project directory with a Firebase project.
[info] You can create multiple project aliases by running firebase use --add, 
[info] but for now we'll just set up a default project.
[info] 
[info] i  If you want to create a project in a Google Cloud organization or folder, please use "firebase projects:create" instead, and return to this command when you've created the project. 
[debug] [2025-08-07T06:30:32.691Z] Checked if tokens are valid: false, expires at: 1746712724534
[debug] [2025-08-07T06:30:32.691Z] Checked if tokens are valid: false, expires at: 1746712724534
[debug] [2025-08-07T06:30:32.691Z] > refreshing access token with scopes: []
[debug] [2025-08-07T06:30:32.692Z] >>> [apiv2][query] POST https://www.googleapis.com/oauth2/v3/token [none]
[debug] [2025-08-07T06:30:32.692Z] >>> [apiv2][body] POST https://www.googleapis.com/oauth2/v3/token [omitted]
[debug] [2025-08-07T06:30:33.033Z] <<< [apiv2][status] POST https://www.googleapis.com/oauth2/v3/token 200
[debug] [2025-08-07T06:30:33.033Z] <<< [apiv2][body] POST https://www.googleapis.com/oauth2/v3/token [omitted]
[debug] [2025-08-07T06:30:33.039Z] >>> [apiv2][query] POST https://firebase.googleapis.com/v1/projects:checkProjectId [none]
[debug] [2025-08-07T06:30:33.039Z] >>> [apiv2][body] POST https://firebase.googleapis.com/v1/projects:checkProjectId {"proposedId":"cdn.travvise.com"}
[debug] [2025-08-07T06:30:33.360Z] <<< [apiv2][status] POST https://firebase.googleapis.com/v1/projects:checkProjectId 400
[debug] [2025-08-07T06:30:33.360Z] <<< [apiv2][body] POST https://firebase.googleapis.com/v1/projects:checkProjectId {"error":{"code":400,"message":"Request contains an invalid argument.","status":"INVALID_ARGUMENT"}}
[debug] [2025-08-07T06:30:33.363Z] Couldn't check if project ID cdn.travvise.com is available. Original error: FirebaseError: Failed to check if project ID is available. See firebase-debug.log for more info.
[debug] [2025-08-07T06:31:17.645Z] ----------------------------------------------------------------------
[debug] [2025-08-07T06:31:17.647Z] Command:       C:\Program Files\nodejs\node.exe C:\Users\WINDOWS\AppData\Roaming\npm\node_modules\firebase-tools\lib\bin\firebase.js init hosting
[debug] [2025-08-07T06:31:17.647Z] CLI Version:   14.12.0
[debug] [2025-08-07T06:31:17.647Z] Platform:      win32
[debug] [2025-08-07T06:31:17.647Z] Node Version:  v20.19.0
[debug] [2025-08-07T06:31:17.647Z] Time:          Thu Aug 07 2025 09:31:17 GMT+0300 (Arabian Standard Time)
[debug] [2025-08-07T06:31:17.648Z] ----------------------------------------------------------------------
[debug] 
[debug] [2025-08-07T06:31:17.817Z] > command requires scopes: ["email","openid","https://www.googleapis.com/auth/cloudplatformprojects.readonly","https://www.googleapis.com/auth/firebase","https://www.googleapis.com/auth/cloud-platform"]
[debug] [2025-08-07T06:31:17.817Z] > authorizing via signed-in user (sijovarghese808@gmail.com)
[info] 
     ######## #### ########  ######## ########     ###     ######  ########
     ##        ##  ##     ## ##       ##     ##  ##   ##  ##       ##
     ######    ##  ########  ######   ########  #########  ######  ######
     ##        ##  ##    ##  ##       ##     ## ##     ##       ## ##
     ##       #### ##     ## ######## ########  ##     ##  ######  ########

You're about to initialize a Firebase project in this directory:

  D:\Travvise projects\travvise-assets

Before we get started, keep in mind:

  * You are initializing within an existing Firebase project directory

[info] 
=== Project Setup
[info] 
[info] First, let's associate this project directory with a Firebase project.
[info] You can create multiple project aliases by running firebase use --add, 
[info] but for now we'll just set up a default project.
[info] 
[info] i  If you want to create a project in a Google Cloud organization or folder, please use "firebase projects:create" instead, and return to this command when you've created the project. 
[debug] [2025-08-07T06:31:38.979Z] Checked if tokens are valid: true, expires at: 1754551832033
[debug] [2025-08-07T06:31:38.979Z] Checked if tokens are valid: true, expires at: 1754551832033
[debug] [2025-08-07T06:31:38.981Z] >>> [apiv2][query] POST https://firebase.googleapis.com/v1/projects:checkProjectId [none]
[debug] [2025-08-07T06:31:38.981Z] >>> [apiv2][body] POST https://firebase.googleapis.com/v1/projects:checkProjectId {"proposedId":"cdn-travvise"}
[debug] [2025-08-07T06:31:39.520Z] <<< [apiv2][status] POST https://firebase.googleapis.com/v1/projects:checkProjectId 200
[debug] [2025-08-07T06:31:39.521Z] <<< [apiv2][body] POST https://firebase.googleapis.com/v1/projects:checkProjectId {"projectIdStatus":"PROJECT_ID_AVAILABLE","suggestedProjectId":"cdn-travvise"}
[debug] [2025-08-07T06:32:02.703Z] Checked if tokens are valid: true, expires at: 1754551832033
[debug] [2025-08-07T06:32:02.703Z] Checked if tokens are valid: true, expires at: 1754551832033
[debug] [2025-08-07T06:32:02.703Z] >>> [apiv2][query] POST https://cloudresourcemanager.googleapis.com/v1/projects [none]
[debug] [2025-08-07T06:32:02.703Z] >>> [apiv2][body] POST https://cloudresourcemanager.googleapis.com/v1/projects {"projectId":"cdn-travvise","name":"cdn-travvise"}
[debug] [2025-08-07T06:32:04.381Z] <<< [apiv2][status] POST https://cloudresourcemanager.googleapis.com/v1/projects 200
[debug] [2025-08-07T06:32:04.381Z] <<< [apiv2][body] POST https://cloudresourcemanager.googleapis.com/v1/projects {"name":"operations/create_project.global.8239638690936886284"}
[debug] [2025-08-07T06:32:04.382Z] Checked if tokens are valid: true, expires at: 1754551832033
[debug] [2025-08-07T06:32:04.382Z] Checked if tokens are valid: true, expires at: 1754551832033
[debug] [2025-08-07T06:32:04.382Z] >>> [apiv2][query] GET https://cloudresourcemanager.googleapis.com/v1/operations/create_project.global.8239638690936886284 [none]
[debug] [2025-08-07T06:32:05.509Z] <<< [apiv2][status] GET https://cloudresourcemanager.googleapis.com/v1/operations/create_project.global.8239638690936886284 200
[debug] [2025-08-07T06:32:05.509Z] <<< [apiv2][body] GET https://cloudresourcemanager.googleapis.com/v1/operations/create_project.global.8239638690936886284 {"name":"operations/create_project.global.8239638690936886284"}
[debug] [2025-08-07T06:32:06.020Z] [Project Creation Poller] Retrying task index 0
[debug] [2025-08-07T06:32:06.020Z] Checked if tokens are valid: true, expires at: 1754551832033
[debug] [2025-08-07T06:32:06.020Z] Checked if tokens are valid: true, expires at: 1754551832033
[debug] [2025-08-07T06:32:06.020Z] >>> [apiv2][query] GET https://cloudresourcemanager.googleapis.com/v1/operations/create_project.global.8239638690936886284 [none]
[debug] [2025-08-07T06:32:06.302Z] <<< [apiv2][status] GET https://cloudresourcemanager.googleapis.com/v1/operations/create_project.global.8239638690936886284 200
[debug] [2025-08-07T06:32:06.302Z] <<< [apiv2][body] GET https://cloudresourcemanager.googleapis.com/v1/operations/create_project.global.8239638690936886284 {"name":"operations/create_project.global.8239638690936886284","metadata":{"@type":"type.googleapis.com/google.cloudresourcemanager.v1.ProjectCreationStatus","gettable":true,"ready":true},"done":true,"response":{"@type":"type.googleapis.com/google.cloudresourcemanager.v1.Project","projectNumber":"942485181632","projectId":"cdn-travvise","lifecycleState":"ACTIVE","name":"cdn-travvise","createTime":"2025-08-07T06:32:05.879336Z"}}
[debug] [2025-08-07T06:32:06.303Z] Checked if tokens are valid: true, expires at: 1754551832033
[debug] [2025-08-07T06:32:06.303Z] Checked if tokens are valid: true, expires at: 1754551832033
[debug] [2025-08-07T06:32:06.303Z] >>> [apiv2][query] POST https://firebase.googleapis.com/v1beta1/projects/cdn-travvise:addFirebase [none]
[debug] [2025-08-07T06:32:10.402Z] <<< [apiv2][status] POST https://firebase.googleapis.com/v1beta1/projects/cdn-travvise:addFirebase 200
[debug] [2025-08-07T06:32:10.403Z] <<< [apiv2][body] POST https://firebase.googleapis.com/v1beta1/projects/cdn-travvise:addFirebase {"name":"operations/workflows/MWQzYjQyNDktZGYxOC00ZGIwLThlZmMtODM0ZmZkMzU5OWNl"}
[debug] [2025-08-07T06:32:10.404Z] Checked if tokens are valid: true, expires at: 1754551832033
[debug] [2025-08-07T06:32:10.404Z] Checked if tokens are valid: true, expires at: 1754551832033
[debug] [2025-08-07T06:32:10.404Z] >>> [apiv2][query] GET https://firebase.googleapis.com/v1beta1/operations/workflows/MWQzYjQyNDktZGYxOC00ZGIwLThlZmMtODM0ZmZkMzU5OWNl [none]
[debug] [2025-08-07T06:32:13.920Z] <<< [apiv2][status] GET https://firebase.googleapis.com/v1beta1/operations/workflows/MWQzYjQyNDktZGYxOC00ZGIwLThlZmMtODM0ZmZkMzU5OWNl 200
[debug] [2025-08-07T06:32:13.920Z] <<< [apiv2][body] GET https://firebase.googleapis.com/v1beta1/operations/workflows/MWQzYjQyNDktZGYxOC00ZGIwLThlZmMtODM0ZmZkMzU5OWNl {"name":"operations/workflows/MWQzYjQyNDktZGYxOC00ZGIwLThlZmMtODM0ZmZkMzU5OWNl"}
[debug] [2025-08-07T06:32:14.423Z] [Add Firebase Poller] Retrying task index 0
[debug] [2025-08-07T06:32:14.424Z] Checked if tokens are valid: true, expires at: 1754551832033
[debug] [2025-08-07T06:32:14.424Z] Checked if tokens are valid: true, expires at: 1754551832033
[debug] [2025-08-07T06:32:14.424Z] >>> [apiv2][query] GET https://firebase.googleapis.com/v1beta1/operations/workflows/MWQzYjQyNDktZGYxOC00ZGIwLThlZmMtODM0ZmZkMzU5OWNl [none]
[debug] [2025-08-07T06:32:15.241Z] <<< [apiv2][status] GET https://firebase.googleapis.com/v1beta1/operations/workflows/MWQzYjQyNDktZGYxOC00ZGIwLThlZmMtODM0ZmZkMzU5OWNl 200
[debug] [2025-08-07T06:32:15.241Z] <<< [apiv2][body] GET https://firebase.googleapis.com/v1beta1/operations/workflows/MWQzYjQyNDktZGYxOC00ZGIwLThlZmMtODM0ZmZkMzU5OWNl {"name":"operations/workflows/MWQzYjQyNDktZGYxOC00ZGIwLThlZmMtODM0ZmZkMzU5OWNl"}
[debug] [2025-08-07T06:32:16.245Z] [Add Firebase Poller] Retrying task index 0
[debug] [2025-08-07T06:32:16.246Z] Checked if tokens are valid: true, expires at: 1754551832033
[debug] [2025-08-07T06:32:16.246Z] Checked if tokens are valid: true, expires at: 1754551832033
[debug] [2025-08-07T06:32:16.247Z] >>> [apiv2][query] GET https://firebase.googleapis.com/v1beta1/operations/workflows/MWQzYjQyNDktZGYxOC00ZGIwLThlZmMtODM0ZmZkMzU5OWNl [none]
[debug] [2025-08-07T06:32:17.086Z] <<< [apiv2][status] GET https://firebase.googleapis.com/v1beta1/operations/workflows/MWQzYjQyNDktZGYxOC00ZGIwLThlZmMtODM0ZmZkMzU5OWNl 200
[debug] [2025-08-07T06:32:17.087Z] <<< [apiv2][body] GET https://firebase.googleapis.com/v1beta1/operations/workflows/MWQzYjQyNDktZGYxOC00ZGIwLThlZmMtODM0ZmZkMzU5OWNl {"name":"operations/workflows/MWQzYjQyNDktZGYxOC00ZGIwLThlZmMtODM0ZmZkMzU5OWNl"}
[debug] [2025-08-07T06:32:19.088Z] [Add Firebase Poller] Retrying task index 0
[debug] [2025-08-07T06:32:19.089Z] Checked if tokens are valid: true, expires at: 1754551832033
[debug] [2025-08-07T06:32:19.089Z] Checked if tokens are valid: true, expires at: 1754551832033
[debug] [2025-08-07T06:32:19.089Z] >>> [apiv2][query] GET https://firebase.googleapis.com/v1beta1/operations/workflows/MWQzYjQyNDktZGYxOC00ZGIwLThlZmMtODM0ZmZkMzU5OWNl [none]
[debug] [2025-08-07T06:32:19.987Z] <<< [apiv2][status] GET https://firebase.googleapis.com/v1beta1/operations/workflows/MWQzYjQyNDktZGYxOC00ZGIwLThlZmMtODM0ZmZkMzU5OWNl 200
[debug] [2025-08-07T06:32:19.987Z] <<< [apiv2][body] GET https://firebase.googleapis.com/v1beta1/operations/workflows/MWQzYjQyNDktZGYxOC00ZGIwLThlZmMtODM0ZmZkMzU5OWNl {"name":"operations/workflows/MWQzYjQyNDktZGYxOC00ZGIwLThlZmMtODM0ZmZkMzU5OWNl","done":true,"response":{"@type":"type.googleapis.com/google.firebase.service.v1beta1.FirebaseProject","projectId":"cdn-travvise","projectNumber":"942485181632","displayName":"cdn-travvise","name":"projects/cdn-travvise","resources":{"hostingSite":"cdn-travvise"}}}
[info] 
[info] === Your Firebase project is ready! ===
[info] 
[info] Project information:
[info]    - Project ID: cdn-travvise
[info]    - Project Name: cdn-travvise
[info] 
[info] Firebase console is available at
[info] https://console.firebase.google.com/project/cdn-travvise/overview
[info] i  Using project cdn-travvise (cdn-travvise) 
[info] 
=== Hosting Setup
[debug] [2025-08-07T06:32:20.290Z] Checked if tokens are valid: true, expires at: 1754551832033
[debug] [2025-08-07T06:32:20.290Z] Checked if tokens are valid: true, expires at: 1754551832033
[debug] [2025-08-07T06:32:20.291Z] >>> [apiv2][query] GET https://firebase.googleapis.com/v1beta1/projects/cdn-travvise [none]
[debug] [2025-08-07T06:32:21.170Z] <<< [apiv2][status] GET https://firebase.googleapis.com/v1beta1/projects/cdn-travvise 200
[debug] [2025-08-07T06:32:21.171Z] <<< [apiv2][body] GET https://firebase.googleapis.com/v1beta1/projects/cdn-travvise {"projectId":"cdn-travvise","projectNumber":"942485181632","displayName":"cdn-travvise","name":"projects/cdn-travvise","resources":{"hostingSite":"cdn-travvise"},"state":"ACTIVE","etag":"1_2d57af39-63ae-41eb-965a-e459c061fb88"}
[info] 
[info] Your public directory is the folder (relative to your project directory) that
[info] will contain Hosting assets to be uploaded with firebase deploy. If you
[info] have a build process for your assets, use your build's output directory.
[info] 
[debug] [2025-08-07T06:33:13.887Z] ExitPromptError: User force closed the prompt with SIGINT
    at Interface.sigint (C:\Users\WINDOWS\AppData\Roaming\npm\node_modules\firebase-tools\node_modules\@inquirer\core\dist\commonjs\lib\create-prompt.js:101:37)
    at Interface.emit (node:events:524:28)
    at Interface.emit (node:domain:489:12)
    at [_ttyWrite] [as _ttyWrite] (node:internal/readline/interface:1125:18)
    at ReadStream.onkeypress (node:internal/readline/interface:264:20)
    at ReadStream.emit (node:events:536:35)
    at ReadStream.emit (node:domain:489:12)
    at emitKeys (node:internal/readline/utils:371:14)
    at emitKeys.next (<anonymous>)
    at ReadStream.onData (node:internal/readline/emitKeypressEvents:64:36)
[error] 
[error] Error: An unexpected error has occurred.
[debug] [2025-08-07T06:33:30.041Z] ----------------------------------------------------------------------
[debug] [2025-08-07T06:33:30.043Z] Command:       C:\Program Files\nodejs\node.exe C:\Users\WINDOWS\AppData\Roaming\npm\node_modules\firebase-tools\lib\bin\firebase.js init hosting
[debug] [2025-08-07T06:33:30.043Z] CLI Version:   14.12.0
[debug] [2025-08-07T06:33:30.043Z] Platform:      win32
[debug] [2025-08-07T06:33:30.044Z] Node Version:  v20.19.0
[debug] [2025-08-07T06:33:30.044Z] Time:          Thu Aug 07 2025 09:33:30 GMT+0300 (Arabian Standard Time)
[debug] [2025-08-07T06:33:30.044Z] ----------------------------------------------------------------------
[debug] 
[debug] [2025-08-07T06:33:30.212Z] > command requires scopes: ["email","openid","https://www.googleapis.com/auth/cloudplatformprojects.readonly","https://www.googleapis.com/auth/firebase","https://www.googleapis.com/auth/cloud-platform"]
[debug] [2025-08-07T06:33:30.212Z] > authorizing via signed-in user (sijovarghese808@gmail.com)
[info] 
     ######## #### ########  ######## ########     ###     ######  ########
     ##        ##  ##     ## ##       ##     ##  ##   ##  ##       ##
     ######    ##  ########  ######   ########  #########  ######  ######
     ##        ##  ##    ##  ##       ##     ## ##     ##       ## ##
     ##       #### ##     ## ######## ########  ##     ##  ######  ########

You're about to initialize a Firebase project in this directory:

  D:\Travvise projects\travvise-assets

Before we get started, keep in mind:

  * You are initializing within an existing Firebase project directory

[info] 
=== Project Setup
[info] 
[info] First, let's associate this project directory with a Firebase project.
[info] You can create multiple project aliases by running firebase use --add, 
[info] but for now we'll just set up a default project.
[info] 
[debug] [2025-08-07T06:33:46.686Z] Using project from CLI flag: cdn-travvise
[debug] [2025-08-07T06:33:46.687Z] Checked if tokens are valid: true, expires at: 1754551832033
[debug] [2025-08-07T06:33:46.687Z] Checked if tokens are valid: true, expires at: 1754551832033
[debug] [2025-08-07T06:33:46.688Z] >>> [apiv2][query] GET https://firebase.googleapis.com/v1beta1/projects/cdn-travvise [none]
[debug] [2025-08-07T06:33:47.214Z] <<< [apiv2][status] GET https://firebase.googleapis.com/v1beta1/projects/cdn-travvise 200
[debug] [2025-08-07T06:33:47.215Z] <<< [apiv2][body] GET https://firebase.googleapis.com/v1beta1/projects/cdn-travvise {"projectId":"cdn-travvise","projectNumber":"942485181632","displayName":"cdn-travvise","name":"projects/cdn-travvise","resources":{"hostingSite":"cdn-travvise"},"state":"ACTIVE","etag":"1_004d2385-c74e-440e-a1fc-95231a7d4723"}
[info] i  Using project cdn-travvise (cdn-travvise) 
[info] 
=== Hosting Setup
[debug] [2025-08-07T06:33:47.534Z] Checked if tokens are valid: true, expires at: 1754551832033
[debug] [2025-08-07T06:33:47.534Z] Checked if tokens are valid: true, expires at: 1754551832033
[debug] [2025-08-07T06:33:47.534Z] >>> [apiv2][query] GET https://firebase.googleapis.com/v1beta1/projects/cdn-travvise [none]
[debug] [2025-08-07T06:33:47.827Z] <<< [apiv2][status] GET https://firebase.googleapis.com/v1beta1/projects/cdn-travvise 200
[debug] [2025-08-07T06:33:47.827Z] <<< [apiv2][body] GET https://firebase.googleapis.com/v1beta1/projects/cdn-travvise {"projectId":"cdn-travvise","projectNumber":"942485181632","displayName":"cdn-travvise","name":"projects/cdn-travvise","resources":{"hostingSite":"cdn-travvise"},"state":"ACTIVE","etag":"1_004d2385-c74e-440e-a1fc-95231a7d4723"}
[info] 
[info] Your public directory is the folder (relative to your project directory) that
[info] will contain Hosting assets to be uploaded with firebase deploy. If you
[info] have a build process for your assets, use your build's output directory.
[info] 
[info] +  Wrote public/404.html 
[debug] [2025-08-07T06:35:45.500Z] >>> [apiv2][query] GET https://www.gstatic.com/firebasejs/releases.json [none]
[debug] [2025-08-07T06:35:45.693Z] <<< [apiv2][status] GET https://www.gstatic.com/firebasejs/releases.json 200
[debug] [2025-08-07T06:35:45.693Z] <<< [apiv2][body] GET https://www.gstatic.com/firebasejs/releases.json {"current":{"version":"12.0.0","browserURL":"https://www.gstatic.com/firebasejs/12.0.0/firebase.js","packageURL":"https://www.gstatic.com/firebasejs/12.0.0/firebase.tgz"},"live":{"version":"12.0","browserURL":"https://www.gstatic.com/firebasejs/live/12.0/firebase.js","packageURL":"https://www.gstatic.com/firebasejs/live/12.0/firebase.tgz"},"components":{"ai":"https://www.gstatic.com/firebasejs/12.0.0/firebase-ai.js","analytics":"https://www.gstatic.com/firebasejs/12.0.0/firebase-analytics.js","app":"https://www.gstatic.com/firebasejs/12.0.0/firebase-app.js","app-check":"https://www.gstatic.com/firebasejs/12.0.0/firebase-app-check.js","auth":"https://www.gstatic.com/firebasejs/12.0.0/firebase-auth.js","auth/cordova":"https://www.gstatic.com/firebasejs/12.0.0/firebase-auth/cordova.js","auth/web-extension":"https://www.gstatic.com/firebasejs/12.0.0/firebase-auth/web-extension.js","functions":"https://www.gstatic.com/firebasejs/12.0.0/firebase-functions.js","firestore":"https://www.gstatic.com/firebasejs/12.0.0/firebase-firestore.js","firestore/lite":"https://www.gstatic.com/firebasejs/12.0.0/firebase-firestore/lite.js","installations":"https://www.gstatic.com/firebasejs/12.0.0/firebase-installations.js","storage":"https://www.gstatic.com/firebasejs/12.0.0/firebase-storage.js","performance":"https://www.gstatic.com/firebasejs/12.0.0/firebase-performance.js","remote-config":"https://www.gstatic.com/firebasejs/12.0.0/firebase-remote-config.js","messaging":"https://www.gstatic.com/firebasejs/12.0.0/firebase-messaging.js","messaging/sw":"https://www.gstatic.com/firebasejs/12.0.0/firebase-messaging/sw.js","database":"https://www.gstatic.com/firebasejs/12.0.0/firebase-database.js","data-connect":"https://www.gstatic.com/firebasejs/12.0.0/firebase-data-connect.js","firestore.memory":"https://www.gstatic.com/firebasejs/12.0.0/firebase-firestore.memory.js"}}
[info] +  Wrote public/index.html 
[info] 
[info] i  Didn't detect a .git folder. Assuming D:\Travvise projects\travvise-assets is the project root. 
[info] i  Authorizing with GitHub to upload your service account to a GitHub repository's secrets store. 
[info] 
[info] Visit this URL on this device to log in:
[info] https://github.com/login/oauth/authorize?client_id=89cf50f02ac6aaed3484&state=986190733&redirect_uri=http%3A%2F%2Flocalhost%3A9005&scope=read%3Auser%20repo%20public_repo
[info] 
[info] Waiting for authentication...
[debug] [2025-08-07T06:36:51.397Z] >>> [apiv2][query] POST https://github.com/login/oauth/access_token [none]
[debug] [2025-08-07T06:36:51.398Z] >>> [apiv2][body] POST https://github.com/login/oauth/access_token [stream]
[debug] [2025-08-07T06:36:51.869Z] <<< [apiv2][status] POST https://github.com/login/oauth/access_token 200
[debug] [2025-08-07T06:36:51.869Z] <<< [apiv2][body] POST https://github.com/login/oauth/access_token {"access_token":"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","token_type":"bearer","scope":"read:user,repo"}
[debug] [2025-08-07T06:36:51.872Z] >>> [apiv2][query] GET https://api.github.com/user [none]
[debug] [2025-08-07T06:36:52.322Z] <<< [apiv2][status] GET https://api.github.com/user 200
[debug] [2025-08-07T06:36:52.322Z] <<< [apiv2][body] GET https://api.github.com/user {"login":"sijo-travvise","id":119925485,"node_id":"U_kgDOByXq7Q","avatar_url":"https://avatars.githubusercontent.com/u/119925485?v=4","gravatar_id":"","url":"https://api.github.com/users/sijo-travvise","html_url":"https://github.com/sijo-travvise","followers_url":"https://api.github.com/users/sijo-travvise/followers","following_url":"https://api.github.com/users/sijo-travvise/following{/other_user}","gists_url":"https://api.github.com/users/sijo-travvise/gists{/gist_id}","starred_url":"https://api.github.com/users/sijo-travvise/starred{/owner}{/repo}","subscriptions_url":"https://api.github.com/users/sijo-travvise/subscriptions","organizations_url":"https://api.github.com/users/sijo-travvise/orgs","repos_url":"https://api.github.com/users/sijo-travvise/repos","events_url":"https://api.github.com/users/sijo-travvise/events{/privacy}","received_events_url":"https://api.github.com/users/sijo-travvise/received_events","type":"User","user_view_type":"private","site_admin":false,"name":null,"company":null,"blog":"","location":null,"email":null,"hireable":null,"bio":null,"twitter_username":null,"notification_email":null,"public_repos":1,"public_gists":0,"followers":1,"following":2,"created_at":"2022-12-06T08:01:18Z","updated_at":"2025-04-16T05:19:25Z","private_gists":0,"total_private_repos":3,"owned_private_repos":3,"disk_usage":214138,"collaborators":3,"two_factor_authentication":false,"plan":{"name":"free","space":976562499,"collaborators":0,"private_repos":10000}}
[info] 
[info] +  Success! Logged into GitHub as sijo-travvise 
[info] 
